<?xml version="1.0" encoding="UTF-8"?>
<!-- Generated by org.testng.reporters.JUnitReportReporter -->
<testsuite hostname="LTIN203047" failures="0" tests="7" name="testCases.TC_003_KeyEthicsCompliance" time="42.053" errors="0" timestamp="2024-01-23T18:26:05 IST" skipped="0">
  <testcase classname="testCases.TC_003_KeyEthicsCompliance" name="screenShot" time="1.659"/>
  <testcase classname="testCases.TC_003_KeyEthicsCompliance" name="keyEthicsComponenetsPrint" time="1.288"/>
  <testcase classname="testCases.TC_003_KeyEthicsCompliance" name="userVerify" time="8.733"/>
  <testcase classname="testCases.TC_003_KeyEthicsCompliance" name="getHeadersInfo" time="13.911"/>
  <testcase classname="testCases.TC_003_KeyEthicsCompliance" name="titleCheck" time="0.077"/>
  <testcase classname="testCases.TC_003_KeyEthicsCompliance" name="keyEthicsCheck" time="6.704"/>
  <testcase classname="testCases.TC_003_KeyEthicsCompliance" name="dataWrite" time="9.681"/>
</testsuite> <!-- testCases.TC_003_KeyEthicsCompliance -->
