<?xml version="1.0" encoding="UTF-8"?>
<!-- Generated by org.testng.reporters.JUnitReportReporter -->
<testsuite hostname="LTIN226766" failures="0" tests="3" name="day1.FirstTest" time="0.014" errors="0" timestamp="2023-12-21T11:34:02 IST" skipped="0">
  <testcase classname="day1.FirstTest" name="openapp" time="0.010"/>
  <testcase classname="day1.FirstTest" name="login" time="0.002"/>
  <testcase classname="day1.FirstTest" name="logout" time="0.002"/>
</testsuite> <!-- day1.FirstTest -->
