<?xml version="1.0" encoding="UTF-8"?>
<!-- Generated by org.testng.reporters.JUnitReportReporter -->
<testsuite hostname="LTIN226766" failures="2" tests="45" name="TestCases.UI_CheckForInterestRATECalc" time="66.752" errors="1" timestamp="2024-02-08T12:41:57 IST" skipped="0">
  <testcase classname="TestCases.UI_CheckForInterestRATECalc" name="search_action" time="1.653"/>
  <testcase classname="TestCases.UI_CheckForInterestRATECalc" name="search" time="8.962"/>
  <testcase classname="TestCases.UI_CheckForInterestRATECalc" name="open_webpage" time="8.555"/>
  <testcase classname="TestCases.UI_CheckForInterestRATECalc" name="clickONCarloan" time="0.127"/>
  <testcase classname="TestCases.UI_CheckForInterestRATECalc" name="refreshPage" time="0.607"/>
  <testcase classname="TestCases.UI_CheckForInterestRATECalc" name="load_EMICalculator_LINK" time="8.802"/>
  <testcase classname="TestCases.UI_CheckForInterestRATECalc" name="HomeLoan_Validation" time="8.105"/>
  <testcase classname="TestCases.UI_CheckForInterestRATECalc" name="setHomeValue_InCalculator" time="0.375">
    <failure message="expected:&lt;[Output]&gt; but was:&lt;[60,00,000]&gt;" type="org.junit.ComparisonFailure">
      <![CDATA[org.junit.ComparisonFailure: expected:<[Output]> but was:<[60,00,000]>
at org.junit.Assert.assertEquals(Assert.java:115)
at org.junit.Assert.assertEquals(Assert.java:144)
at TestCases.HomeLoanEMICalculator_Test.setHomeValue_InCalculator(HomeLoanEMICalculator_Test.java:48)
at java.base/jdk.internal.reflect.NativeMethodAccessorImpl.invoke0(Native Method)
at java.base/jdk.internal.reflect.NativeMethodAccessorImpl.invoke(NativeMethodAccessorImpl.java:77)
at java.base/jdk.internal.reflect.DelegatingMethodAccessorImpl.invoke(DelegatingMethodAccessorImpl.java:43)
at java.base/java.lang.reflect.Method.invoke(Method.java:568)
at org.testng.internal.invokers.MethodInvocationHelper.invokeMethod(MethodInvocationHelper.java:139)
at org.testng.internal.invokers.TestInvoker.invokeMethod(TestInvoker.java:664)
at org.testng.internal.invokers.TestInvoker.invokeTestMethod(TestInvoker.java:227)
at org.testng.internal.invokers.MethodRunner.runInSequence(MethodRunner.java:50)
at org.testng.internal.invokers.TestInvoker$MethodInvocationAgent.invoke(TestInvoker.java:957)
at org.testng.internal.invokers.TestInvoker.invokeTestMethods(TestInvoker.java:200)
at org.testng.internal.invokers.TestMethodWorker.invokeTestMethods(TestMethodWorker.java:148)
at org.testng.internal.invokers.TestMethodWorker.run(TestMethodWorker.java:128)
at java.base/java.util.ArrayList.forEach(ArrayList.java:1511)
at org.testng.TestRunner.privateRun(TestRunner.java:848)
at org.testng.TestRunner.run(TestRunner.java:621)
at org.testng.SuiteRunner.runTest(SuiteRunner.java:443)
at org.testng.SuiteRunner.runSequentially(SuiteRunner.java:437)
at org.testng.SuiteRunner.privateRun(SuiteRunner.java:397)
at org.testng.SuiteRunner.run(SuiteRunner.java:336)
at org.testng.SuiteRunnerWorker.runSuite(SuiteRunnerWorker.java:52)
at org.testng.SuiteRunnerWorker.run(SuiteRunnerWorker.java:95)
at org.testng.TestNG.runSuitesSequentially(TestNG.java:1280)
at org.testng.TestNG.runSuitesLocally(TestNG.java:1200)
at org.testng.TestNG.runSuites(TestNG.java:1114)
at org.testng.TestNG.run(TestNG.java:1082)
at org.testng.remote.AbstractRemoteTestNG.run(AbstractRemoteTestNG.java:115)
at org.testng.remote.RemoteTestNG.initAndRun(RemoteTestNG.java:251)
at org.testng.remote.RemoteTestNG.main(RemoteTestNG.java:77)
]]>
    </failure>
  </testcase> <!-- setHomeValue_InCalculator -->
  <testcase classname="TestCases.UI_CheckForInterestRATECalc" name="setDownPayment_InCalculator" time="0.402">
    <failure message="expected:&lt;[output]&gt; but was:&lt;[30]&gt;" type="org.junit.ComparisonFailure">
      <![CDATA[org.junit.ComparisonFailure: expected:<[output]> but was:<[30]>
at org.junit.Assert.assertEquals(Assert.java:115)
at org.junit.Assert.assertEquals(Assert.java:144)
at TestCases.HomeLoanEMICalculator_Test.setDownPayment_InCalculator(HomeLoanEMICalculator_Test.java:63)
at java.base/jdk.internal.reflect.NativeMethodAccessorImpl.invoke0(Native Method)
at java.base/jdk.internal.reflect.NativeMethodAccessorImpl.invoke(NativeMethodAccessorImpl.java:77)
at java.base/jdk.internal.reflect.DelegatingMethodAccessorImpl.invoke(DelegatingMethodAccessorImpl.java:43)
at java.base/java.lang.reflect.Method.invoke(Method.java:568)
at org.testng.internal.invokers.MethodInvocationHelper.invokeMethod(MethodInvocationHelper.java:139)
at org.testng.internal.invokers.TestInvoker.invokeMethod(TestInvoker.java:664)
at org.testng.internal.invokers.TestInvoker.invokeTestMethod(TestInvoker.java:227)
at org.testng.internal.invokers.MethodRunner.runInSequence(MethodRunner.java:50)
at org.testng.internal.invokers.TestInvoker$MethodInvocationAgent.invoke(TestInvoker.java:957)
at org.testng.internal.invokers.TestInvoker.invokeTestMethods(TestInvoker.java:200)
at org.testng.internal.invokers.TestMethodWorker.invokeTestMethods(TestMethodWorker.java:148)
at org.testng.internal.invokers.TestMethodWorker.run(TestMethodWorker.java:128)
at java.base/java.util.ArrayList.forEach(ArrayList.java:1511)
at org.testng.TestRunner.privateRun(TestRunner.java:848)
at org.testng.TestRunner.run(TestRunner.java:621)
at org.testng.SuiteRunner.runTest(SuiteRunner.java:443)
at org.testng.SuiteRunner.runSequentially(SuiteRunner.java:437)
at org.testng.SuiteRunner.privateRun(SuiteRunner.java:397)
at org.testng.SuiteRunner.run(SuiteRunner.java:336)
at org.testng.SuiteRunnerWorker.runSuite(SuiteRunnerWorker.java:52)
at org.testng.SuiteRunnerWorker.run(SuiteRunnerWorker.java:95)
at org.testng.TestNG.runSuitesSequentially(TestNG.java:1280)
at org.testng.TestNG.runSuitesLocally(TestNG.java:1200)
at org.testng.TestNG.runSuites(TestNG.java:1114)
at org.testng.TestNG.run(TestNG.java:1082)
at org.testng.remote.AbstractRemoteTestNG.run(AbstractRemoteTestNG.java:115)
at org.testng.remote.RemoteTestNG.initAndRun(RemoteTestNG.java:251)
at org.testng.remote.RemoteTestNG.main(RemoteTestNG.java:77)
]]>
    </failure>
  </testcase> <!-- setDownPayment_InCalculator -->
  <testcase classname="TestCases.UI_CheckForInterestRATECalc" name="setting_LoanInsurance_Amount" time="0.385"/>
  <testcase classname="TestCases.UI_CheckForInterestRATECalc" name="Loan_Amt_Validation" time="0.079"/>
  <testcase classname="TestCases.UI_CheckForInterestRATECalc" name="set_Interest_Rate" time="0.339"/>
  <testcase classname="TestCases.UI_CheckForInterestRATECalc" name="Setting_Loan_Duration" time="0.401"/>
  <testcase classname="TestCases.UI_CheckForInterestRATECalc" name="Loan_charges_set" time="2.387"/>
  <testcase classname="TestCases.UI_CheckForInterestRATECalc" name="Loan_StartMonthAndYear_calenderOperations" time="0.197"/>
  <testcase classname="TestCases.UI_CheckForInterestRATECalc" name="LoanStartMonthAndYear_setting" time="0.362"/>
  <testcase classname="TestCases.UI_CheckForInterestRATECalc" name="setting_OneTimeExpenses" time="2.389"/>
  <testcase classname="TestCases.UI_CheckForInterestRATECalc" name="propertyTaxesperyear" time="2.299"/>
  <testcase classname="TestCases.UI_CheckForInterestRATECalc" name="HomeInsurancePerYear_setting" time="3.255"/>
  <testcase classname="TestCases.UI_CheckForInterestRATECalc" name="SettingMaintenanceExpenses" time="0.184"/>
  <testcase classname="TestCases.UI_CheckForInterestRATECalc" name="implementing_ExcelMethods_toStoreData" time="4.260">
    <error message="No valid entries or contents found, this is not a valid OOXML (Office Open XML) file" type="org.apache.poi.openxml4j.exceptions.NotOfficeXmlFileException">
      <![CDATA[org.apache.poi.openxml4j.exceptions.NotOfficeXmlFileException: No valid entries or contents found, this is not a valid OOXML (Office Open XML) file
at org.apache.poi.openxml4j.util.ZipArchiveThresholdInputStream.getNextEntry(ZipArchiveThresholdInputStream.java:159)
at org.apache.poi.openxml4j.util.ZipInputStreamZipEntrySource.<init>(ZipInputStreamZipEntrySource.java:94)
at org.apache.poi.openxml4j.opc.ZipPackage.<init>(ZipPackage.java:157)
at org.apache.poi.openxml4j.opc.OPCPackage.open(OPCPackage.java:351)
at org.apache.poi.ooxml.util.PackageHelper.open(PackageHelper.java:64)
at org.apache.poi.xssf.usermodel.XSSFWorkbook.<init>(XSSFWorkbook.java:313)
at org.apache.poi.xssf.usermodel.XSSFWorkbook.<init>(XSSFWorkbook.java:287)
at utilities.ExcelUtility.writeData(ExcelUtility.java:35)
at PageObjects.HomeLoanEMICalculator.readData(HomeLoanEMICalculator.java:457)
at TestCases.HomeLoanEMICalculator_Test.implementing_ExcelMethods_toStoreData(HomeLoanEMICalculator_Test.java:264)
at java.base/jdk.internal.reflect.NativeMethodAccessorImpl.invoke0(Native Method)
at java.base/jdk.internal.reflect.NativeMethodAccessorImpl.invoke(NativeMethodAccessorImpl.java:77)
at java.base/jdk.internal.reflect.DelegatingMethodAccessorImpl.invoke(DelegatingMethodAccessorImpl.java:43)
at java.base/java.lang.reflect.Method.invoke(Method.java:568)
at org.testng.internal.invokers.MethodInvocationHelper.invokeMethod(MethodInvocationHelper.java:139)
at org.testng.internal.invokers.TestInvoker.invokeMethod(TestInvoker.java:664)
at org.testng.internal.invokers.TestInvoker.invokeTestMethod(TestInvoker.java:227)
at org.testng.internal.invokers.MethodRunner.runInSequence(MethodRunner.java:50)
at org.testng.internal.invokers.TestInvoker$MethodInvocationAgent.invoke(TestInvoker.java:957)
at org.testng.internal.invokers.TestInvoker.invokeTestMethods(TestInvoker.java:200)
at org.testng.internal.invokers.TestMethodWorker.invokeTestMethods(TestMethodWorker.java:148)
at org.testng.internal.invokers.TestMethodWorker.run(TestMethodWorker.java:128)
at java.base/java.util.ArrayList.forEach(ArrayList.java:1511)
at org.testng.TestRunner.privateRun(TestRunner.java:848)
at org.testng.TestRunner.run(TestRunner.java:621)
at org.testng.SuiteRunner.runTest(SuiteRunner.java:443)
at org.testng.SuiteRunner.runSequentially(SuiteRunner.java:437)
at org.testng.SuiteRunner.privateRun(SuiteRunner.java:397)
at org.testng.SuiteRunner.run(SuiteRunner.java:336)
at org.testng.SuiteRunnerWorker.runSuite(SuiteRunnerWorker.java:52)
at org.testng.SuiteRunnerWorker.run(SuiteRunnerWorker.java:95)
at org.testng.TestNG.runSuitesSequentially(TestNG.java:1280)
at org.testng.TestNG.runSuitesLocally(TestNG.java:1200)
at org.testng.TestNG.runSuites(TestNG.java:1114)
at org.testng.TestNG.run(TestNG.java:1082)
at org.testng.remote.AbstractRemoteTestNG.run(AbstractRemoteTestNG.java:115)
at org.testng.remote.RemoteTestNG.initAndRun(RemoteTestNG.java:251)
at org.testng.remote.RemoteTestNG.main(RemoteTestNG.java:77)
Caused by: java.util.zip.ZipException: Unexpected record signature: 0x0
at org.apache.commons.compress.archivers.zip.ZipArchiveInputStream.getNextZipEntry(ZipArchiveInputStream.java:770)
at org.apache.poi.openxml4j.util.ZipArchiveThresholdInputStream.getNextEntry(ZipArchiveThresholdInputStream.java:150)
... 37 more
]]>
    </error>
  </testcase> <!-- implementing_ExcelMethods_toStoreData -->
  <testcase classname="TestCases.UI_CheckForInterestRATECalc" name="Navigation_toNextPage" time="3.609"/>
  <testcase classname="TestCases.UI_CheckForInterestRATECalc" name="validation_Of_EMI_Calculator" time="0.062"/>
  <testcase classname="TestCases.UI_CheckForInterestRATECalc" name="validationOf_Loan_Amount_Calculator" time="0.056"/>
  <testcase classname="TestCases.UI_CheckForInterestRATECalc" name="validationOf_Loan_Tenure_Calculator" time="0.067"/>
  <testcase classname="TestCases.UI_CheckForInterestRATECalc" name="validationOf_Loan_Interest_Calculator" time="0.058"/>
  <testcase classname="TestCases.UI_CheckForInterestRATECalc" name="does_setingLoan_Amount" time="0.218"/>
  <testcase classname="TestCases.UI_CheckForInterestRATECalc" name="does_setingLoan_Interest_Rate" time="0.287"/>
  <testcase classname="TestCases.UI_CheckForInterestRATECalc" name="LoanTennure_CalculatorIs_Present_Validation" time="0.313"/>
  <testcase classname="TestCases.UI_CheckForInterestRATECalc" name="does_setingLoan_FeesAndCharges" time="0.438"/>
  <testcase classname="TestCases.UI_CheckForInterestRATECalc" name="needTo_setLoan_Amount" time="0.389"/>
  <testcase classname="TestCases.UI_CheckForInterestRATECalc" name="needTo_setLoan_Interest_Rate" time="0.347"/>
  <testcase classname="TestCases.UI_CheckForInterestRATECalc" name="needTo_setLoan_Tennure" time="0.316"/>
  <testcase classname="TestCases.UI_CheckForInterestRATECalc" name="needTo_setLoan_FeesAndCharges" time="0.358"/>
  <testcase classname="TestCases.UI_CheckForInterestRATECalc" name="needTo_NavigateToNxtPage" time="0.157"/>
  <testcase classname="TestCases.UI_CheckForInterestRATECalc" name="do_setsLoan_Amount" time="3.245"/>
  <testcase classname="TestCases.UI_CheckForInterestRATECalc" name="do_setsEMI_Amount" time="0.348"/>
  <testcase classname="TestCases.UI_CheckForInterestRATECalc" name="do_setsLoan_AmountInterest_RATE" time="0.358"/>
  <testcase classname="TestCases.UI_CheckForInterestRATECalc" name="do_setsFees_AND_Charges_Amount" time="0.397"/>
  <testcase classname="TestCases.UI_CheckForInterestRATECalc" name="do_NavigateToNextPAGE" time="0.189"/>
  <testcase classname="TestCases.UI_CheckForInterestRATECalc" name="do_settingLoan_Amount" time="0.259"/>
  <testcase classname="TestCases.UI_CheckForInterestRATECalc" name="do_settingEMI_Amount" time="0.299"/>
  <testcase classname="TestCases.UI_CheckForInterestRATECalc" name="do_setingLoan_Tennure" time="0.372"/>
  <testcase classname="TestCases.UI_CheckForInterestRATECalc" name="do_setingLoan_FeesAndCharges" time="0.429"/>
  <testcase classname="TestCases.UI_CheckForInterestRATECalc" name="do_validation_Result" time="0.056"/>
</testsuite> <!-- TestCases.UI_CheckForInterestRATECalc -->
