<?xml version="1.0" encoding="UTF-8"?>
<!-- Generated by org.testng.reporters.JUnitReportReporter -->
<testsuite hostname="LTIN226766" failures="0" tests="3" name="TestScenarios.GoogleSearchTestMethod" time="37.458" errors="0" timestamp="2024-02-06T14:17:26 IST" skipped="0">
  <testcase classname="TestScenarios.GoogleSearchTestMethod" name="SearchOperation" time="16.088"/>
  <testcase classname="TestScenarios.GoogleSearchTestMethod" name="VerifAccessFacebook" time="5.975"/>
  <testcase classname="TestScenarios.GoogleSearchTestMethod" name="VerifyLogin" time="15.395"/>
</testsuite> <!-- TestScenarios.GoogleSearchTestMethod -->
