<?xml version="1.0" encoding="UTF-8"?>
<!-- Generated by org.testng.reporters.JUnitReportReporter -->
<testsuite hostname="LTIN293180" failures="0" tests="1" name="testCases.SearchTest" time="1.787" errors="0" timestamp="2024-01-13T16:55:38 IST" skipped="0">
  <testcase classname="testCases.SearchTest" name="searchElementTest" time="1.787"/>
</testsuite> <!-- testCases.SearchTest -->
