<?xml version="1.0" encoding="UTF-8"?>
<!-- Generated by org.testng.reporters.JUnitReportReporter -->
<testsuite hostname="LTIN293180" failures="0" tests="9" name="testCases.OneCogHomeTest" time="30.782" errors="0" timestamp="2024-01-15T21:54:54 IST" skipped="0">
  <testcase classname="testCases.OneCogHomeTest" name="userEleClickTest" time="3.245"/>
  <testcase classname="testCases.OneCogHomeTest" name="getUserNameTest" time="0.068"/>
  <testcase classname="testCases.OneCogHomeTest" name="getUserEmailTest" time="0.038"/>
  <testcase classname="testCases.OneCogHomeTest" name="clickon1CTest" time="0.265"/>
  <testcase classname="testCases.OneCogHomeTest" name="swithTo1CTest" time="10.623"/>
  <testcase classname="testCases.OneCogHomeTest" name="searchBoxTest" time="3.367"/>
  <testcase classname="testCases.OneCogHomeTest" name="outreachVisibilityTest" time="0.261"/>
  <testcase classname="testCases.OneCogHomeTest" name="eventsTest" time="8.714"/>
  <testcase classname="testCases.OneCogHomeTest" name="searchEventsTest" time="4.201"/>
</testsuite> <!-- testCases.OneCogHomeTest -->
