<?xml version="1.0" encoding="UTF-8"?>
<!-- Generated by org.testng.reporters.JUnitReportReporter -->
<testsuite hostname="LTIN226766" failures="0" tests="26" name="testCases.OutreachTest" time="37.531" errors="0" timestamp="2024-01-22T16:10:19 IST" skipped="0">
  <testcase classname="testCases.OutreachTest" name="userEleClickTest" time="1.098"/>
  <testcase classname="testCases.OutreachTest" name="getUserNameTest" time="10.051"/>
  <testcase classname="testCases.OutreachTest" name="getUserEmailTest" time="0.026"/>
  <testcase classname="testCases.OutreachTest" name="visibilityOf1CTest" time="0.434"/>
  <testcase classname="testCases.OutreachTest" name="clickon1CTest" time="0.131"/>
  <testcase classname="testCases.OutreachTest" name="swithTo1CTest" time="7.449"/>
  <testcase classname="testCases.OutreachTest" name="searchOutreachTest" time="0.486"/>
  <testcase classname="testCases.OutreachTest" name="outreachVisibilityTest" time="0.855"/>
  <testcase classname="testCases.OutreachTest" name="eventsTest" time="2.437"/>
  <testcase classname="testCases.OutreachTest" name="eventTypeTest" time="2.425"/>
  <testcase classname="testCases.OutreachTest" name="clickOnWeekdayTest" time="0.253"/>
  <testcase classname="testCases.OutreachTest" name="disabledDateVerifyTest" time="0.130"/>
  <testcase classname="testCases.OutreachTest" name="selectDateTest" time="0.390"/>
  <testcase classname="testCases.OutreachTest" name="clickOnSearchTest" time="3.577"/>
  <testcase classname="testCases.OutreachTest" name="defaultLocEventTest" time="0.265"/>
  <testcase classname="testCases.OutreachTest" name="randomLocEventTest" time="2.388"/>
  <testcase classname="testCases.OutreachTest" name="eventsHeaderTest" time="0.655"/>
  <testcase classname="testCases.OutreachTest" name="donateHeaderTest" time="0.513"/>
  <testcase classname="testCases.OutreachTest" name="exploreHeaderTest" time="0.427"/>
  <testcase classname="testCases.OutreachTest" name="readMoreHeaderTest" time="0.493"/>
  <testcase classname="testCases.OutreachTest" name="myVolunteerDataTest" time="1.111"/>
  <testcase classname="testCases.OutreachTest" name="ClickOnGoalsTest" time="0.274"/>
  <testcase classname="testCases.OutreachTest" name="myGoalDataTest" time="0.096"/>
  <testcase classname="testCases.OutreachTest" name="pastGoalsDataTest" time="0.750"/>
  <testcase classname="testCases.OutreachTest" name="clickOnVolunteersAroundMeTest" time="0.226"/>
  <testcase classname="testCases.OutreachTest" name="appsNameTest" time="0.591"/>
</testsuite> <!-- testCases.OutreachTest -->
