<?xml version="1.0" encoding="UTF-8"?>
<!-- Generated by org.testng.reporters.JUnitReportReporter -->
<testsuite hostname="LTIN226766" failures="0" tests="12" name="testCases.BeCogHomeTest" time="51.949" errors="0" timestamp="2024-01-22T12:04:41 IST" skipped="0">
  <testcase classname="testCases.BeCogHomeTest" name="userEleClickTest" time="3.483"/>
  <testcase classname="testCases.BeCogHomeTest" name="userEleClickTest" time="4.276"/>
  <testcase classname="testCases.BeCogHomeTest" name="getUserNameTest" time="10.328"/>
  <testcase classname="testCases.BeCogHomeTest" name="getUserNameTest" time="10.059"/>
  <testcase classname="testCases.BeCogHomeTest" name="getUserEmailTest" time="0.058"/>
  <testcase classname="testCases.BeCogHomeTest" name="getUserEmailTest" time="0.152"/>
  <testcase classname="testCases.BeCogHomeTest" name="visibilityOf1CTest" time="0.725"/>
  <testcase classname="testCases.BeCogHomeTest" name="visibilityOf1CTest" time="1.088"/>
  <testcase classname="testCases.BeCogHomeTest" name="clickon1CTest" time="1.021"/>
  <testcase classname="testCases.BeCogHomeTest" name="clickon1CTest" time="1.759"/>
  <testcase classname="testCases.BeCogHomeTest" name="swithTo1CTest" time="8.170"/>
  <testcase classname="testCases.BeCogHomeTest" name="swithTo1CTest" time="10.830"/>
</testsuite> <!-- testCases.BeCogHomeTest -->
