<?xml version="1.0" encoding="UTF-8"?>
<!-- Generated by org.testng.reporters.JUnitReportReporter -->
<testsuite hostname="LTIN226766" failures="0" tests="3" name="TestScenarios.GoogleSearchTestMethod" time="28.036" errors="0" timestamp="2024-01-22T12:54:09 IST" skipped="0">
  <testcase classname="TestScenarios.GoogleSearchTestMethod" name="SearchOperation" time="6.649"/>
  <testcase classname="TestScenarios.GoogleSearchTestMethod" name="VerifAccessFacebook" time="6.078"/>
  <testcase classname="TestScenarios.GoogleSearchTestMethod" name="VerifyLogin" time="15.309"/>
</testsuite> <!-- TestScenarios.GoogleSearchTestMethod -->
