<?xml version="1.0" encoding="UTF-8"?>
<!-- Generated by org.testng.reporters.JUnitReportReporter -->
<testsuite hostname="LTIN226766" failures="0" tests="46" name="TestCases.UI_CheckForInterestRATECalc" time="14.439" errors="1" timestamp="2024-02-07T10:55:46 IST" skipped="45">
  <testcase classname="TestCases.UI_CheckForInterestRATECalc" name="setup" time="14.435">
    <error message="no such window: target window already closed
from unknown error: web view not found
  (Session info: MicrosoftEdge=121.0.2277.98)
Build info: version: &#039;4.15.0&#039;, revision: &#039;1d14b5521b&#039;
System info: os.name: &#039;Windows 11&#039;, os.arch: &#039;amd64&#039;, os.version: &#039;10.0&#039;, java.version: &#039;17.0.9&#039;
Driver info: org.openqa.selenium.edge.EdgeDriver
Command: [9b3da7f66860307969e33f7ebaa807a1, maximizeCurrentWindow {}]
Capabilities {acceptInsecureCerts: false, browserName: MicrosoftEdge, browserVersion: 121.0.2277.98, fedcm:accounts: true, ms:edgeOptions: {debuggerAddress: localhost:62097}, msedge: {msedgedriverVersion: 121.0.2277.106 (3a400d91a81..., userDataDir: C:\Windows\SystemTemp\scope...}, networkConnectionEnabled: false, pageLoadStrategy: normal, platformName: windows, proxy: Proxy(), se:cdp: ws://localhost:62097/devtoo..., se:cdpVersion: 121.0.2277.98, setWindowRect: true, strictFileInteractability: false, timeouts: {implicit: 0, pageLoad: 300000, script: 30000}, unhandledPromptBehavior: dismiss and notify, webauthn:extension:credBlob: true, webauthn:extension:largeBlob: true, webauthn:extension:minPinLength: true, webauthn:extension:prf: true, webauthn:virtualAuthenticators: true}
Session ID: 9b3da7f66860307969e33f7ebaa807a1" type="org.openqa.selenium.NoSuchWindowException">
      <![CDATA[org.openqa.selenium.NoSuchWindowException: no such window: target window already closed
from unknown error: web view not found
  (Session info: MicrosoftEdge=121.0.2277.98)
Build info: version: '4.15.0', revision: '1d14b5521b'
System info: os.name: 'Windows 11', os.arch: 'amd64', os.version: '10.0', java.version: '17.0.9'
Driver info: org.openqa.selenium.edge.EdgeDriver
Command: [9b3da7f66860307969e33f7ebaa807a1, maximizeCurrentWindow {}]
Capabilities {acceptInsecureCerts: false, browserName: MicrosoftEdge, browserVersion: 121.0.2277.98, fedcm:accounts: true, ms:edgeOptions: {debuggerAddress: localhost:62097}, msedge: {msedgedriverVersion: 121.0.2277.106 (3a400d91a81..., userDataDir: C:\Windows\SystemTemp\scope...}, networkConnectionEnabled: false, pageLoadStrategy: normal, platformName: windows, proxy: Proxy(), se:cdp: ws://localhost:62097/devtoo..., se:cdpVersion: 121.0.2277.98, setWindowRect: true, strictFileInteractability: false, timeouts: {implicit: 0, pageLoad: 300000, script: 30000}, unhandledPromptBehavior: dismiss and notify, webauthn:extension:credBlob: true, webauthn:extension:largeBlob: true, webauthn:extension:minPinLength: true, webauthn:extension:prf: true, webauthn:virtualAuthenticators: true}
Session ID: 9b3da7f66860307969e33f7ebaa807a1
at java.base/jdk.internal.reflect.NativeConstructorAccessorImpl.newInstance0(Native Method)
at java.base/jdk.internal.reflect.NativeConstructorAccessorImpl.newInstance(NativeConstructorAccessorImpl.java:77)
at java.base/jdk.internal.reflect.DelegatingConstructorAccessorImpl.newInstance(DelegatingConstructorAccessorImpl.java:45)
at java.base/java.lang.reflect.Constructor.newInstanceWithCaller(Constructor.java:499)
at java.base/java.lang.reflect.Constructor.newInstance(Constructor.java:480)
at org.openqa.selenium.remote.codec.w3c.W3CHttpResponseCodec.createException(W3CHttpResponseCodec.java:200)
at org.openqa.selenium.remote.codec.w3c.W3CHttpResponseCodec.decode(W3CHttpResponseCodec.java:133)
at org.openqa.selenium.remote.codec.w3c.W3CHttpResponseCodec.decode(W3CHttpResponseCodec.java:52)
at org.openqa.selenium.remote.HttpCommandExecutor.execute(HttpCommandExecutor.java:191)
at org.openqa.selenium.remote.service.DriverCommandExecutor.invokeExecute(DriverCommandExecutor.java:200)
at org.openqa.selenium.remote.service.DriverCommandExecutor.execute(DriverCommandExecutor.java:175)
at org.openqa.selenium.remote.RemoteWebDriver.execute(RemoteWebDriver.java:607)
at org.openqa.selenium.remote.RemoteWebDriver.execute(RemoteWebDriver.java:680)
at org.openqa.selenium.remote.RemoteWebDriver.execute(RemoteWebDriver.java:684)
at org.openqa.selenium.remote.RemoteWebDriver$RemoteWebDriverOptions$RemoteWindow.maximize(RemoteWebDriver.java:1123)
at TestBase.BaseClass.setup(BaseClass.java:53)
at java.base/jdk.internal.reflect.NativeMethodAccessorImpl.invoke0(Native Method)
at java.base/jdk.internal.reflect.NativeMethodAccessorImpl.invoke(NativeMethodAccessorImpl.java:77)
at java.base/jdk.internal.reflect.DelegatingMethodAccessorImpl.invoke(DelegatingMethodAccessorImpl.java:43)
at java.base/java.lang.reflect.Method.invoke(Method.java:568)
at org.testng.internal.invokers.MethodInvocationHelper.invokeMethod(MethodInvocationHelper.java:139)
at org.testng.internal.invokers.MethodInvocationHelper.invokeMethodConsideringTimeout(MethodInvocationHelper.java:69)
at org.testng.internal.invokers.ConfigInvoker.invokeConfigurationMethod(ConfigInvoker.java:390)
at org.testng.internal.invokers.ConfigInvoker.invokeConfigurations(ConfigInvoker.java:325)
at org.testng.internal.invokers.TestMethodWorker.invokeBeforeClassMethods(TestMethodWorker.java:180)
at org.testng.internal.invokers.TestMethodWorker.run(TestMethodWorker.java:122)
at java.base/java.util.ArrayList.forEach(ArrayList.java:1511)
at org.testng.TestRunner.privateRun(TestRunner.java:848)
at org.testng.TestRunner.run(TestRunner.java:621)
at org.testng.SuiteRunner.runTest(SuiteRunner.java:443)
at org.testng.SuiteRunner.runSequentially(SuiteRunner.java:437)
at org.testng.SuiteRunner.privateRun(SuiteRunner.java:397)
at org.testng.SuiteRunner.run(SuiteRunner.java:336)
at org.testng.SuiteRunnerWorker.runSuite(SuiteRunnerWorker.java:52)
at org.testng.SuiteRunnerWorker.run(SuiteRunnerWorker.java:95)
at org.testng.TestNG.runSuitesSequentially(TestNG.java:1280)
at org.testng.TestNG.runSuitesLocally(TestNG.java:1200)
at org.testng.TestNG.runSuites(TestNG.java:1114)
at org.testng.TestNG.run(TestNG.java:1082)
at org.apache.maven.surefire.testng.TestNGExecutor.run(TestNGExecutor.java:308)
at org.apache.maven.surefire.testng.TestNGXmlTestSuite.execute(TestNGXmlTestSuite.java:71)
at org.apache.maven.surefire.testng.TestNGProvider.invoke(TestNGProvider.java:113)
at org.apache.maven.surefire.booter.ForkedBooter.runSuitesInProcess(ForkedBooter.java:385)
at org.apache.maven.surefire.booter.ForkedBooter.execute(ForkedBooter.java:162)
at org.apache.maven.surefire.booter.ForkedBooter.run(ForkedBooter.java:507)
at org.apache.maven.surefire.booter.ForkedBooter.main(ForkedBooter.java:495)
]]>
    </error>
  </testcase> <!-- setup -->
  <testcase classname="TestCases.UI_CheckForInterestRATECalc" name="search_action" time="0.000">
    <skipped/>
  </testcase> <!-- search_action -->
  <testcase classname="TestCases.UI_CheckForInterestRATECalc" name="search" time="0.001">
    <skipped/>
  </testcase> <!-- search -->
  <testcase classname="TestCases.UI_CheckForInterestRATECalc" name="open_webpage" time="0.000">
    <skipped/>
  </testcase> <!-- open_webpage -->
  <testcase classname="TestCases.UI_CheckForInterestRATECalc" name="clickONCarloan" time="0.000">
    <skipped/>
  </testcase> <!-- clickONCarloan -->
  <testcase classname="TestCases.UI_CheckForInterestRATECalc" name="refreshPage" time="0.000">
    <skipped/>
  </testcase> <!-- refreshPage -->
  <testcase classname="TestCases.UI_CheckForInterestRATECalc" name="load_EMICalculator_LINK" time="0.000">
    <skipped/>
  </testcase> <!-- load_EMICalculator_LINK -->
  <testcase classname="TestCases.UI_CheckForInterestRATECalc" name="HomeLoan_Validation" time="0.000">
    <skipped/>
  </testcase> <!-- HomeLoan_Validation -->
  <testcase classname="TestCases.UI_CheckForInterestRATECalc" name="setHomeValue_InCalculator" time="0.000">
    <skipped/>
  </testcase> <!-- setHomeValue_InCalculator -->
  <testcase classname="TestCases.UI_CheckForInterestRATECalc" name="setDownPayment_InCalculator" time="0.000">
    <skipped/>
  </testcase> <!-- setDownPayment_InCalculator -->
  <testcase classname="TestCases.UI_CheckForInterestRATECalc" name="setting_LoanInsurance_Amount" time="0.001">
    <skipped/>
  </testcase> <!-- setting_LoanInsurance_Amount -->
  <testcase classname="TestCases.UI_CheckForInterestRATECalc" name="Loan_Amt_Validation" time="0.000">
    <skipped/>
  </testcase> <!-- Loan_Amt_Validation -->
  <testcase classname="TestCases.UI_CheckForInterestRATECalc" name="set_Interest_Rate" time="0.000">
    <skipped/>
  </testcase> <!-- set_Interest_Rate -->
  <testcase classname="TestCases.UI_CheckForInterestRATECalc" name="Setting_Loan_Duration" time="0.000">
    <skipped/>
  </testcase> <!-- Setting_Loan_Duration -->
  <testcase classname="TestCases.UI_CheckForInterestRATECalc" name="Loan_charges_set" time="0.000">
    <skipped/>
  </testcase> <!-- Loan_charges_set -->
  <testcase classname="TestCases.UI_CheckForInterestRATECalc" name="Loan_StartMonthAndYear_calenderOperations" time="0.000">
    <skipped/>
  </testcase> <!-- Loan_StartMonthAndYear_calenderOperations -->
  <testcase classname="TestCases.UI_CheckForInterestRATECalc" name="LoanStartMonthAndYear_setting" time="0.000">
    <skipped/>
  </testcase> <!-- LoanStartMonthAndYear_setting -->
  <testcase classname="TestCases.UI_CheckForInterestRATECalc" name="setting_OneTimeExpenses" time="0.001">
    <skipped/>
  </testcase> <!-- setting_OneTimeExpenses -->
  <testcase classname="TestCases.UI_CheckForInterestRATECalc" name="propertyTaxesperyear" time="0.000">
    <skipped/>
  </testcase> <!-- propertyTaxesperyear -->
  <testcase classname="TestCases.UI_CheckForInterestRATECalc" name="HomeInsurancePerYear_setting" time="0.000">
    <skipped/>
  </testcase> <!-- HomeInsurancePerYear_setting -->
  <testcase classname="TestCases.UI_CheckForInterestRATECalc" name="SettingMaintenanceExpenses" time="0.000">
    <skipped/>
  </testcase> <!-- SettingMaintenanceExpenses -->
  <testcase classname="TestCases.UI_CheckForInterestRATECalc" name="implementing_ExcelMethods_toStoreData" time="0.000">
    <skipped/>
  </testcase> <!-- implementing_ExcelMethods_toStoreData -->
  <testcase classname="TestCases.UI_CheckForInterestRATECalc" name="Navigation_toNextPage" time="0.000">
    <skipped/>
  </testcase> <!-- Navigation_toNextPage -->
  <testcase classname="TestCases.UI_CheckForInterestRATECalc" name="validation_Of_EMI_Calculator" time="0.000">
    <skipped/>
  </testcase> <!-- validation_Of_EMI_Calculator -->
  <testcase classname="TestCases.UI_CheckForInterestRATECalc" name="validationOf_Loan_Amount_Calculator" time="0.000">
    <skipped/>
  </testcase> <!-- validationOf_Loan_Amount_Calculator -->
  <testcase classname="TestCases.UI_CheckForInterestRATECalc" name="validationOf_Loan_Tenure_Calculator" time="0.000">
    <skipped/>
  </testcase> <!-- validationOf_Loan_Tenure_Calculator -->
  <testcase classname="TestCases.UI_CheckForInterestRATECalc" name="validationOf_Loan_Interest_Calculator" time="0.000">
    <skipped/>
  </testcase> <!-- validationOf_Loan_Interest_Calculator -->
  <testcase classname="TestCases.UI_CheckForInterestRATECalc" name="does_setingLoan_Amount" time="0.000">
    <skipped/>
  </testcase> <!-- does_setingLoan_Amount -->
  <testcase classname="TestCases.UI_CheckForInterestRATECalc" name="does_setingLoan_Interest_Rate" time="0.000">
    <skipped/>
  </testcase> <!-- does_setingLoan_Interest_Rate -->
  <testcase classname="TestCases.UI_CheckForInterestRATECalc" name="LoanTennure_CalculatorIs_Present_Validation" time="0.000">
    <skipped/>
  </testcase> <!-- LoanTennure_CalculatorIs_Present_Validation -->
  <testcase classname="TestCases.UI_CheckForInterestRATECalc" name="does_setingLoan_FeesAndCharges" time="0.000">
    <skipped/>
  </testcase> <!-- does_setingLoan_FeesAndCharges -->
  <testcase classname="TestCases.UI_CheckForInterestRATECalc" name="needTo_setLoan_Amount" time="0.000">
    <skipped/>
  </testcase> <!-- needTo_setLoan_Amount -->
  <testcase classname="TestCases.UI_CheckForInterestRATECalc" name="needTo_setLoan_Interest_Rate" time="0.000">
    <skipped/>
  </testcase> <!-- needTo_setLoan_Interest_Rate -->
  <testcase classname="TestCases.UI_CheckForInterestRATECalc" name="needTo_setLoan_Tennure" time="0.000">
    <skipped/>
  </testcase> <!-- needTo_setLoan_Tennure -->
  <testcase classname="TestCases.UI_CheckForInterestRATECalc" name="needTo_setLoan_FeesAndCharges" time="0.000">
    <skipped/>
  </testcase> <!-- needTo_setLoan_FeesAndCharges -->
  <testcase classname="TestCases.UI_CheckForInterestRATECalc" name="needTo_NavigateToNxtPage" time="0.001">
    <skipped/>
  </testcase> <!-- needTo_NavigateToNxtPage -->
  <testcase classname="TestCases.UI_CheckForInterestRATECalc" name="do_setsLoan_Amount" time="0.000">
    <skipped/>
  </testcase> <!-- do_setsLoan_Amount -->
  <testcase classname="TestCases.UI_CheckForInterestRATECalc" name="do_setsEMI_Amount" time="0.000">
    <skipped/>
  </testcase> <!-- do_setsEMI_Amount -->
  <testcase classname="TestCases.UI_CheckForInterestRATECalc" name="do_setsLoan_AmountInterest_RATE" time="0.000">
    <skipped/>
  </testcase> <!-- do_setsLoan_AmountInterest_RATE -->
  <testcase classname="TestCases.UI_CheckForInterestRATECalc" name="do_setsFees_AND_Charges_Amount" time="0.000">
    <skipped/>
  </testcase> <!-- do_setsFees_AND_Charges_Amount -->
  <testcase classname="TestCases.UI_CheckForInterestRATECalc" name="do_NavigateToNextPAGE" time="0.000">
    <skipped/>
  </testcase> <!-- do_NavigateToNextPAGE -->
  <testcase classname="TestCases.UI_CheckForInterestRATECalc" name="do_settingLoan_Amount" time="0.000">
    <skipped/>
  </testcase> <!-- do_settingLoan_Amount -->
  <testcase classname="TestCases.UI_CheckForInterestRATECalc" name="do_settingEMI_Amount" time="0.000">
    <skipped/>
  </testcase> <!-- do_settingEMI_Amount -->
  <testcase classname="TestCases.UI_CheckForInterestRATECalc" name="do_setingLoan_Tennure" time="0.000">
    <skipped/>
  </testcase> <!-- do_setingLoan_Tennure -->
  <testcase classname="TestCases.UI_CheckForInterestRATECalc" name="do_setingLoan_FeesAndCharges" time="0.000">
    <skipped/>
  </testcase> <!-- do_setingLoan_FeesAndCharges -->
  <testcase classname="TestCases.UI_CheckForInterestRATECalc" name="do_validation_Result" time="0.000">
    <skipped/>
  </testcase> <!-- do_validation_Result -->
</testsuite> <!-- TestCases.UI_CheckForInterestRATECalc -->
